<?xml version="1.0" encoding="UTF-8"?>
<testsuite xmlns:xsi="http://www.w3.org/2001/XMLSchema-instance" xsi:noNamespaceSchemaLocation="https://maven.apache.org/surefire/maven-surefire-plugin/xsd/surefire-test-report-3.0.xsd" version="3.0" name="TestSuite" time="23.649" tests="13" errors="0" skipped="12" failures="1">
  <properties>
[...]
</properties>
  <testcase name="setupDriver" classname="by.bsu.pagefactoryselenium.Driver" time="22.469">
    <failure message="Timed out waiting for driver server to start.&#10;Build info: version: &apos;3.14.0&apos;, revision: &apos;aacccce0&apos;, time: &apos;2018-08-02T20:19:58.91Z&apos;&#10;System info: host: &apos;DESKTOP-VAOA9FE&apos;, ip: &apos;192.168.240.1&apos;, os.name: &apos;Windows 10&apos;, os.arch: &apos;amd64&apos;, os.version: &apos;10.0&apos;, java.version: &apos;9.0.4&apos;&#10;Driver info: driver.version: Driver" type="org.openqa.selenium.WebDriverException">org.openqa.selenium.WebDriverException: 
Timed out waiting for driver server to start.
Build info: version: '3.14.0', revision: 'aacccce0', time: '2018-08-02T20:19:58.91Z'
System info: host: 'DESKTOP-VAOA9FE', ip: '192.168.240.1', os.name: 'Windows 10', os.arch: 'amd64', os.version: '10.0', java.version: '9.0.4'
Driver info: driver.version: Driver
	at by.bsu.pagefactoryselenium.Driver.setupDriver(Driver.java:22)
Caused by: org.openqa.selenium.net.UrlChecker$TimeoutException: Timed out waiting for [http://localhost:44414/status] to be available after 20002 ms
	at by.bsu.pagefactoryselenium.Driver.setupDriver(Driver.java:22)
Caused by: java.util.concurrent.TimeoutException
	at by.bsu.pagefactoryselenium.Driver.setupDriver(Driver.java:22)
</failure>
    <system-err><![CDATA[янв. 03, 2019 1:54:46 ПП org.openqa.selenium.os.OsProcess checkForError
SEVERE: org.apache.commons.exec.ExecuteException: Execution failed (Exit value: -559038737. Caused by java.io.IOException: Cannot run program "D:\test--repo-for-jenkins-master\chromedriver" (in directory "."): CreateProcess error=193, %1 не является приложением Win32)
]]></system-err>
  </testcase>
  <testcase name="setupPage" classname="by.bsu.pagefactoryselenium.HomePageTest" time="0">
    <skipped/>
  </testcase>
  <testcase name="shouldBookingFormOpenedAfterClickingOpenButton" classname="by.bsu.pagefactoryselenium.HomePageTest" time="0">
    <skipped message="Timed out waiting for driver server to start.&#10;Build info: version: &apos;3.14.0&apos;, revision: &apos;aacccce0&apos;, time: &apos;2018-08-02T20:19:58.91Z&apos;&#10;System info: host: &apos;DESKTOP-VAOA9FE&apos;, ip: &apos;192.168.240.1&apos;, os.name: &apos;Windows 10&apos;, os.arch: &apos;amd64&apos;, os.version: &apos;10.0&apos;, java.version: &apos;9.0.4&apos;&#10;Driver info: driver.version: Driver"/>
  </testcase>
  <testcase name="shouldCookiesBannerClosedWhenTheyAccepted" classname="by.bsu.pagefactoryselenium.HomePageTest" time="0">
    <skipped message="Timed out waiting for driver server to start.&#10;Build info: version: &apos;3.14.0&apos;, revision: &apos;aacccce0&apos;, time: &apos;2018-08-02T20:19:58.91Z&apos;&#10;System info: host: &apos;DESKTOP-VAOA9FE&apos;, ip: &apos;192.168.240.1&apos;, os.name: &apos;Windows 10&apos;, os.arch: &apos;amd64&apos;, os.version: &apos;10.0&apos;, java.version: &apos;9.0.4&apos;&#10;Driver info: driver.version: Driver"/>
  </testcase>
  <testcase name="shouldManageFormOpenedAfterClickingOpenButton" classname="by.bsu.pagefactoryselenium.HomePageTest" time="0">
    <skipped message="Timed out waiting for driver server to start.&#10;Build info: version: &apos;3.14.0&apos;, revision: &apos;aacccce0&apos;, time: &apos;2018-08-02T20:19:58.91Z&apos;&#10;System info: host: &apos;DESKTOP-VAOA9FE&apos;, ip: &apos;192.168.240.1&apos;, os.name: &apos;Windows 10&apos;, os.arch: &apos;amd64&apos;, os.version: &apos;10.0&apos;, java.version: &apos;9.0.4&apos;&#10;Driver info: driver.version: Driver"/>
  </testcase>
  <testcase name="shouldReturnInputBecomesActiveWhenTwoWayBtnClicked" classname="by.bsu.pagefactoryselenium.HomePageTest" time="0">
    <skipped message="Timed out waiting for driver server to start.&#10;Build info: version: &apos;3.14.0&apos;, revision: &apos;aacccce0&apos;, time: &apos;2018-08-02T20:19:58.91Z&apos;&#10;System info: host: &apos;DESKTOP-VAOA9FE&apos;, ip: &apos;192.168.240.1&apos;, os.name: &apos;Windows 10&apos;, os.arch: &apos;amd64&apos;, os.version: &apos;10.0&apos;, java.version: &apos;9.0.4&apos;&#10;Driver info: driver.version: Driver"/>
  </testcase>
  <testcase name="shouldReturnInputDisabledWhenOneWayBtnClicked" classname="by.bsu.pagefactoryselenium.HomePageTest" time="0">
    <skipped message="Timed out waiting for driver server to start.&#10;Build info: version: &apos;3.14.0&apos;, revision: &apos;aacccce0&apos;, time: &apos;2018-08-02T20:19:58.91Z&apos;&#10;System info: host: &apos;DESKTOP-VAOA9FE&apos;, ip: &apos;192.168.240.1&apos;, os.name: &apos;Windows 10&apos;, os.arch: &apos;amd64&apos;, os.version: &apos;10.0&apos;, java.version: &apos;9.0.4&apos;&#10;Driver info: driver.version: Driver"/>
  </testcase>
  <testcase name="shouldSubscribeFormThrowErrorWhenEnteredBadValue" classname="by.bsu.pagefactoryselenium.HomePageTest" time="0">
    <skipped message="Timed out waiting for driver server to start.&#10;Build info: version: &apos;3.14.0&apos;, revision: &apos;aacccce0&apos;, time: &apos;2018-08-02T20:19:58.91Z&apos;&#10;System info: host: &apos;DESKTOP-VAOA9FE&apos;, ip: &apos;192.168.240.1&apos;, os.name: &apos;Windows 10&apos;, os.arch: &apos;amd64&apos;, os.version: &apos;10.0&apos;, java.version: &apos;9.0.4&apos;&#10;Driver info: driver.version: Driver"/>
  </testcase>
  <testcase name="shouldSuggestedTextChangedToEnglishLangWhenEnglishClicked" classname="by.bsu.pagefactoryselenium.HomePageTest" time="0">
    <skipped message="Timed out waiting for driver server to start.&#10;Build info: version: &apos;3.14.0&apos;, revision: &apos;aacccce0&apos;, time: &apos;2018-08-02T20:19:58.91Z&apos;&#10;System info: host: &apos;DESKTOP-VAOA9FE&apos;, ip: &apos;192.168.240.1&apos;, os.name: &apos;Windows 10&apos;, os.arch: &apos;amd64&apos;, os.version: &apos;10.0&apos;, java.version: &apos;9.0.4&apos;&#10;Driver info: driver.version: Driver"/>
  </testcase>
  <testcase name="shoudFormClosed" classname="by.bsu.pagefactoryselenium.HomePageTest" time="0">
    <skipped message="Timed out waiting for driver server to start.&#10;Build info: version: &apos;3.14.0&apos;, revision: &apos;aacccce0&apos;, time: &apos;2018-08-02T20:19:58.91Z&apos;&#10;System info: host: &apos;DESKTOP-VAOA9FE&apos;, ip: &apos;192.168.240.1&apos;, os.name: &apos;Windows 10&apos;, os.arch: &apos;amd64&apos;, os.version: &apos;10.0&apos;, java.version: &apos;9.0.4&apos;&#10;Driver info: driver.version: Driver"/>
  </testcase>
  <testcase name="shouldCannotBookAFlightWithoutValues" classname="by.bsu.pagefactoryselenium.HomePageTest" time="0">
    <skipped message="Method HomePageTest.shouldCannotBookAFlightWithoutValues()[pri:0, instance:by.bsu.pagefactoryselenium.HomePageTest@4961f6af] depends on not successfully finished methods"/>
  </testcase>
  <testcase name="shoudErrorMessageShownWhenBadValuesSetted" classname="by.bsu.pagefactoryselenium.HomePageTest" time="0">
    <skipped message="Method HomePageTest.shoudErrorMessageShownWhenBadValuesSetted()[pri:0, instance:by.bsu.pagefactoryselenium.HomePageTest@4961f6af] depends on not successfully finished methods"/>
  </testcase>
  <testcase name="quitDriver" classname="by.bsu.pagefactoryselenium.Driver" time="0">
    <skipped/>
  </testcase>
</testsuite>